<?xml version="1.0" encoding="UTF-8"?>
<testng-results ignored="0" total="5" passed="5" failed="0" skipped="0">
  <reporter-output>
  </reporter-output>
  <suite started-at="2024-03-13T10:13:03 IST" name="Default suite" finished-at="2024-03-13T10:13:43 IST" duration-ms="39915">
    <groups>
    </groups>
    <test started-at="2024-03-13T10:13:03 IST" name="Default test" finished-at="2024-03-13T10:13:43 IST" duration-ms="39915">
      <class name="TestNGPractice.DataProviderCon">
        <test-method signature="registration([Ljava.lang.String;)[pri:0, instance:TestNGPractice.DataProviderCon@48f2bd5b]" started-at="2024-03-13T10:13:03 IST" name="registration" data-provider="sendData" finished-at="2024-03-13T10:13:15 IST" duration-ms="11448" status="PASS">
          <params>
            <param index="0">
              <value>
                <![CDATA[[Ljava.lang.String;@58253c57]]>
              </value>
            </param>
          </params>
          <reporter-output>
          </reporter-output>
        </test-method> <!-- registration -->
        <test-method signature="registration([Ljava.lang.String;)[pri:0, instance:TestNGPractice.DataProviderCon@48f2bd5b]" started-at="2024-03-13T10:13:15 IST" name="registration" data-provider="sendData" finished-at="2024-03-13T10:13:21 IST" duration-ms="6198" status="PASS">
          <params>
            <param index="0">
              <value>
                <![CDATA[[Ljava.lang.String;@5a545b0f]]>
              </value>
            </param>
          </params>
          <reporter-output>
          </reporter-output>
        </test-method> <!-- registration -->
        <test-method signature="registration([Ljava.lang.String;)[pri:0, instance:TestNGPractice.DataProviderCon@48f2bd5b]" started-at="2024-03-13T10:13:21 IST" name="registration" data-provider="sendData" finished-at="2024-03-13T10:13:28 IST" duration-ms="6559" status="PASS">
          <params>
            <param index="0">
              <value>
                <![CDATA[[Ljava.lang.String;@b73433]]>
              </value>
            </param>
          </params>
          <reporter-output>
          </reporter-output>
        </test-method> <!-- registration -->
        <test-method signature="registration([Ljava.lang.String;)[pri:0, instance:TestNGPractice.DataProviderCon@48f2bd5b]" started-at="2024-03-13T10:13:28 IST" name="registration" data-provider="sendData" finished-at="2024-03-13T10:13:36 IST" duration-ms="7947" status="PASS">
          <params>
            <param index="0">
              <value>
                <![CDATA[[Ljava.lang.String;@2be21396]]>
              </value>
            </param>
          </params>
          <reporter-output>
          </reporter-output>
        </test-method> <!-- registration -->
        <test-method signature="registration([Ljava.lang.String;)[pri:0, instance:TestNGPractice.DataProviderCon@48f2bd5b]" started-at="2024-03-13T10:13:36 IST" name="registration" data-provider="sendData" finished-at="2024-03-13T10:13:43 IST" duration-ms="6915" status="PASS">
          <params>
            <param index="0">
              <value>
                <![CDATA[[Ljava.lang.String;@1bf14704]]>
              </value>
            </param>
          </params>
          <reporter-output>
          </reporter-output>
        </test-method> <!-- registration -->
      </class> <!-- TestNGPractice.DataProviderCon -->
    </test> <!-- Default test -->
  </suite> <!-- Default suite -->
</testng-results>
