<?xml version="1.0" encoding="UTF-8"?>
<!-- Generated by org.testng.reporters.JUnitXMLReporter -->
<testsuite ignored="0" hostname="Harshad-Mehta" failures="0" tests="5" name="Default test" time="39.915" errors="0" timestamp="2024-03-13T10:13:43 IST">
  <testcase classname="TestNGPractice.DataProviderCon" name="registration" time="11.448"/>
  <testcase classname="TestNGPractice.DataProviderCon" name="registration" time="6.198"/>
  <testcase classname="TestNGPractice.DataProviderCon" name="registration" time="6.559"/>
  <testcase classname="TestNGPractice.DataProviderCon" name="registration" time="7.947"/>
  <testcase classname="TestNGPractice.DataProviderCon" name="registration" time="6.915"/>
</testsuite> <!-- Default test -->
