<?xml version="1.0" encoding="UTF-8"?>
<!-- Generated by org.testng.reporters.JUnitXMLReporter -->
<testsuite ignored="0" hostname="Harshad-Mehta" failures="0" tests="3" name="Test2" time="60.801" errors="0" timestamp="2023-12-15T12:03:19 IST">
  <testcase classname="CrossBrowserExecution.Class2" name="method2" time="32.838"/>
  <testcase classname="CrossBrowserExecution.Class1" name="method1" time="57.015"/>
  <testcase classname="CrossBrowserExecution.Class3" name="method3" time="60.79"/>
</testsuite> <!-- Test2 -->
