<?xml version="1.0" encoding="UTF-8"?>
<!-- Generated by org.testng.reporters.JUnitXMLReporter -->
<testsuite ignored="0" hostname="Harshad-Mehta" failures="0" tests="3" name="Test1" time="35.915" errors="0" timestamp="2023-12-15T12:02:18 IST">
  <testcase classname="CrossBrowserExecution.Class2" name="method2" time="7.349"/>
  <testcase classname="CrossBrowserExecution.Class1" name="method1" time="35.55"/>
  <testcase classname="CrossBrowserExecution.Class3" name="method3" time="35.853"/>
</testsuite> <!-- Test1 -->
