<?xml version="1.0" encoding="UTF-8"?>
<!-- Generated by org.testng.reporters.JUnitXMLReporter -->
<testsuite ignored="1" hostname="Harshad-Mehta" failures="0" tests="2" name="Test" time="9.925" errors="0" timestamp="2024-03-11T17:54:06 IST">
  <testcase classname="TestNGPractice.Class3" name="redlabel" time="6.506"/>
  <testcase classname="TestNGPractice.Class2" name="parle" time="3.32"/>
  <testcase classname="TestNGPractice.Class1" name="meesho" time="0.0">
    <ignored/>
  </testcase> <!-- meesho -->
</testsuite> <!-- Test -->
